# JRE version: OpenJDK Runtime Environment (11.0.2+9) (build 11.0.2+9)
# Java VM: OpenJDK 64-Bit Server VM (11.0.2+9, mixed mode, tiered, compressed oops, g1 gc, windows-amd64)
Heap:
 garbage-first heap   total 296960K, used 191047K [0x0000000740000000, 0x0000000800000000)
  region size 1024K, 44 young (45056K), 1 survivors (1024K)
 Metaspace       used 93561K, capacity 94745K, committed 98768K, reserved 1134592K
  class space    used 12080K, capacity 12592K, committed 13952K, reserved 1048576K
GC Heap History (10 events):
Event: 8818.798 GC heap before
{Heap before GC invocations=936 (full 126):
 garbage-first heap   total 296960K, used 208645K [0x0000000740000000, 0x0000000800000000)
  region size 1024K, 60 young (61440K), 1 survivors (1024K)
 Metaspace       used 93504K, capacity 94745K, committed 98768K, reserved 1134592K
  class space    used 12075K, capacity 12592K, committed 13952K, reserved 1048576K
}
Event: 8818.802 GC heap after
{Heap after GC invocations=937 (full 126):
 garbage-first heap   total 296960K, used 147957K [0x0000000740000000, 0x0000000800000000)
  region size 1024K, 1 young (1024K), 1 survivors (1024K)
 Metaspace       used 93504K, capacity 94745K, committed 98768K, reserved 1134592K
  class space    used 12075K, capacity 12592K, committed 13952K, reserved 1048576K
}
Event: 8819.474 GC heap before
{Heap before GC invocations=938 (full 126):
 garbage-first heap   total 296960K, used 208373K [0x0000000740000000, 0x0000000800000000)
  region size 1024K, 60 young (61440K), 1 survivors (1024K)
 Metaspace       used 93504K, capacity 94745K, committed 98768K, reserved 1134592K
  class space    used 12075K, capacity 12592K, committed 13952K, reserved 1048576K
}
Event: 8819.479 GC heap after
{Heap after GC invocations=939 (full 126):
 garbage-first heap   total 296960K, used 147873K [0x0000000740000000, 0x0000000800000000)
  region size 1024K, 1 young (1024K), 1 survivors (1024K)
 Metaspace       used 93504K, capacity 94745K, committed 98768K, reserved 1134592K
  class space    used 12075K, capacity 12592K, committed 13952K, reserved 1048576K
}
Event: 8820.788 GC heap before
{Heap before GC invocations=939 (full 126):
 garbage-first heap   total 296960K, used 208289K [0x0000000740000000, 0x0000000800000000)
  region size 1024K, 60 young (61440K), 1 survivors (1024K)
 Metaspace       used 93504K, capacity 94745K, committed 98768K, reserved 1134592K
  class space    used 12075K, capacity 12592K, committed 13952K, reserved 1048576K
}
Event: 8820.792 GC heap after
{Heap after GC invocations=940 (full 126):
 garbage-first heap   total 296960K, used 147907K [0x0000000740000000, 0x0000000800000000)
  region size 1024K, 1 young (1024K), 1 survivors (1024K)
 Metaspace       used 93504K, capacity 94745K, committed 98768K, reserved 1134592K
  class space    used 12075K, capacity 12592K, committed 13952K, reserved 1048576K
}
Event: 8871.520 GC heap before
{Heap before GC invocations=941 (full 126):
 garbage-first heap   total 296960K, used 208323K [0x0000000740000000, 0x0000000800000000)
  region size 1024K, 61 young (62464K), 1 survivors (1024K)
 Metaspace       used 93554K, capacity 94745K, committed 98768K, reserved 1134592K
  class space    used 12079K, capacity 12592K, committed 13952K, reserved 1048576K
}
Event: 8871.526 GC heap after
{Heap after GC invocations=942 (full 126):
 garbage-first heap   total 296960K, used 147976K [0x0000000740000000, 0x0000000800000000)
  region size 1024K, 1 young (1024K), 1 survivors (1024K)
 Metaspace       used 93554K, capacity 94745K, committed 98768K, reserved 1134592K
  class space    used 12079K, capacity 12592K, committed 13952K, reserved 1048576K
}
Event: 8879.426 GC heap before
{Heap before GC invocations=942 (full 126):
 garbage-first heap   total 296960K, used 208392K [0x0000000740000000, 0x0000000800000000)
  region size 1024K, 60 young (61440K), 1 survivors (1024K)
 Metaspace       used 93561K, capacity 94745K, committed 98768K, reserved 1134592K
  class space    used 12080K, capacity 12592K, committed 13952K, reserved 1048576K
}
Event: 8879.431 GC heap after
{Heap after GC invocations=943 (full 126):
 garbage-first heap   total 296960K, used 148039K [0x0000000740000000, 0x0000000800000000)
  region size 1024K, 1 young (1024K), 1 survivors (1024K)
 Metaspace       used 93561K, capacity 94745K, committed 98768K, reserved 1134592K
  class space    used 12080K, capacity 12592K, committed 13952K, reserved 1048576K
}

